2023-03-04 20:36:22,566 [INFO] Activator:179 - 


2023-03-04 20:36:22,568 [INFO] Activator:180 - !SESSION log4j initialized
2023-03-04 20:36:26,126 [ERROR] ConfigurationRetriever:140 - IOException on connection: citools.st.com
2023-03-04 20:36:26,127 [ERROR] ConfigurationRetriever:140 - IOException on connection: citools.st.com
2023-03-04 20:36:26,128 [ERROR] ConfigurationRetriever:140 - IOException on connection: citools.st.com
2023-03-04 20:36:47,475 [ERROR] LogOutputStream:74 - [STDERR_REDIRECT] SLF4J: Failed to load class "org.slf4j.impl.StaticLoggerBinder".
2023-03-04 20:36:47,476 [ERROR] LogOutputStream:74 - [STDERR_REDIRECT] SLF4J: Defaulting to no-operation (NOP) logger implementation
2023-03-04 20:36:47,478 [ERROR] LogOutputStream:74 - [STDERR_REDIRECT] SLF4J: See http://www.slf4j.org/codes.html#StaticLoggerBinder for further details.
2023-03-04 20:48:45,300 [INFO] McuFinderGlobals:52 - Set McuFinder mode to 2 (CubeIDE integrated)
2023-03-04 20:48:45,562 [INFO] ApplicationProperties:181 - Using Application install path: C:\ST\STM32CubeIDE_1.11.2\STM32CubeIDE\plugins\com.st.stm32cube.common.mx_6.7.0.202301130839
2023-03-04 20:48:45,580 [INFO] DbMcusXml:77 - Set database path to: C:\ST\STM32CubeIDE_1.11.2\STM32CubeIDE\plugins\com.st.stm32cube.common.mx_6.7.0.202301130839\\db\/mcu/
2023-03-04 20:48:45,580 [INFO] ApiDb:273 - Set plugin database path to: C:\ST\STM32CubeIDE_1.11.2\STM32CubeIDE\plugins\com.st.stm32cube.common.mx_6.7.0.202301130839\\db\/plugins/boardmanager/
2023-03-04 20:48:45,582 [WARN] ApiDb:258 - Overriding images path with different value:  => C:\ST\STM32CubeIDE_1.11.2\STM32CubeIDE\plugins\com.st.stm32cube.common.mx_6.7.0.202301130839\\db\/plugins/mcufinder/images/
2023-03-04 20:48:45,601 [INFO] ApiDb:249 - Set database path to: C:\Users\user\.stmcufinder\plugins\mcufinder//mcu/
2023-03-04 20:48:45,604 [INFO] DbMcusAds:124 - Set database path to: C:\Users\user\.stmcufinder\plugins\mcufinder//mcu/
2023-03-04 20:48:45,947 [INFO] CrossReferenceDbSqlite:202 - Set database path to: C:\Users\user\.stmcufinder\plugins\mcufinder//mcu/cs/
2023-03-04 20:48:46,071 [INFO] RulesReader:61 - Compatibility file has been processed (283 Rules)
2023-03-04 20:48:46,161 [INFO] DbMcusXml:77 - Set database path to: C:\ST\STM32CubeIDE_1.11.2\STM32CubeIDE\plugins\com.st.stm32cube.common.mx_6.7.0.202301130839\\db\/mcu/
2023-03-04 20:48:46,162 [INFO] ApiDb:273 - Set plugin database path to: C:\ST\STM32CubeIDE_1.11.2\STM32CubeIDE\plugins\com.st.stm32cube.common.mx_6.7.0.202301130839\\db\/plugins/boardmanager/
2023-03-04 20:48:46,162 [INFO] ApiDb:260 - Set plugin images path to: C:\ST\STM32CubeIDE_1.11.2\STM32CubeIDE\plugins\com.st.stm32cube.common.mx_6.7.0.202301130839\\db\/plugins/mcufinder/images/
2023-03-04 20:48:46,162 [WARN] DbFile:40 - Overriding database path with different value: C:\Users\user\.stmcufinder\plugins\mcufinder/ => C:\Users\user\.stmcufinder\plugins\mcufinder
2023-03-04 20:48:46,163 [INFO] ApiDb:249 - Set database path to: C:\Users\user\.stmcufinder\plugins\mcufinder//mcu/
2023-03-04 20:48:46,163 [WARN] DbFile:40 - Overriding database path with different value: C:\Users\user\.stmcufinder\plugins\mcufinder/ => C:\Users\user\.stmcufinder\plugins\mcufinder
2023-03-04 20:48:46,163 [INFO] DbMcusAds:124 - Set database path to: C:\Users\user\.stmcufinder\plugins\mcufinder//mcu/
2023-03-04 20:48:46,163 [WARN] DbFile:40 - Overriding database path with different value: C:\Users\user\.stmcufinder\plugins\mcufinder/ => C:\Users\user\.stmcufinder\plugins\mcufinder
2023-03-04 20:48:46,164 [WARN] DbFile:40 - Overriding database path with different value: C:\Users\user\.stmcufinder\plugins\mcufinder/ => C:\Users\user\.stmcufinder\plugins\mcufinder
2023-03-04 20:48:46,164 [INFO] CrossReferenceDbSqlite:202 - Set database path to: C:\Users\user\.stmcufinder\plugins\mcufinder//mcu/cs/
2023-03-04 20:48:46,236 [INFO] MainPanel:252 - HeapMemory: 401604608
2023-03-04 20:48:46,302 [INFO] DbMcusXml:77 - Set database path to: C:\ST\STM32CubeIDE_1.11.2\STM32CubeIDE\plugins\com.st.stm32cube.common.mx_6.7.0.202301130839\\db\/mcu/
2023-03-04 20:48:46,303 [INFO] ApiDb:273 - Set plugin database path to: C:\ST\STM32CubeIDE_1.11.2\STM32CubeIDE\plugins\com.st.stm32cube.common.mx_6.7.0.202301130839\\db\/plugins/boardmanager/
2023-03-04 20:48:46,303 [INFO] ApiDb:260 - Set plugin images path to: C:\ST\STM32CubeIDE_1.11.2\STM32CubeIDE\plugins\com.st.stm32cube.common.mx_6.7.0.202301130839\\db\/plugins/mcufinder/images/
2023-03-04 20:48:46,303 [WARN] DbFile:40 - Overriding database path with different value: C:\Users\user\.stmcufinder\plugins\mcufinder/ => C:\Users\user\.stmcufinder\plugins\mcufinder
2023-03-04 20:48:46,303 [INFO] ApiDb:249 - Set database path to: C:\Users\user\.stmcufinder\plugins\mcufinder//mcu/
2023-03-04 20:48:46,303 [WARN] DbFile:40 - Overriding database path with different value: C:\Users\user\.stmcufinder\plugins\mcufinder/ => C:\Users\user\.stmcufinder\plugins\mcufinder
2023-03-04 20:48:46,303 [INFO] DbMcusAds:124 - Set database path to: C:\Users\user\.stmcufinder\plugins\mcufinder//mcu/
2023-03-04 20:48:46,304 [WARN] DbFile:40 - Overriding database path with different value: C:\Users\user\.stmcufinder\plugins\mcufinder/ => C:\Users\user\.stmcufinder\plugins\mcufinder
2023-03-04 20:48:46,304 [WARN] DbFile:40 - Overriding database path with different value: C:\Users\user\.stmcufinder\plugins\mcufinder/ => C:\Users\user\.stmcufinder\plugins\mcufinder
2023-03-04 20:48:46,304 [INFO] CrossReferenceDbSqlite:202 - Set database path to: C:\Users\user\.stmcufinder\plugins\mcufinder//mcu/cs/
2023-03-04 20:48:46,319 [INFO] ApplicationProperties:181 - Using Application install path: C:\ST\STM32CubeIDE_1.11.2\STM32CubeIDE\plugins\com.st.stm32cube.common.mx_6.7.0.202301130839
2023-03-04 20:48:46,321 [INFO] PluginManage:193 - Search for loadable plugins [exclusion list=, ]
2023-03-04 20:48:46,323 [INFO] PluginManage:307 - Check plugin analytics
2023-03-04 20:48:46,493 [INFO] AnalyticsPlugin:262 - Accepted Software Licenses: STM32CubeMX.6.6.1
2023-03-04 20:48:46,494 [INFO] AnalyticsPlugin:264 - Accepted CMSIS Pack Licenses: 
2023-03-04 20:48:46,495 [INFO] AnalyticsPlugin:266 - Accepted Firmware Licenses: FW.F4.1.27.0
2023-03-04 20:48:46,502 [INFO] PluginManage:356 - Loaded plugin analytics (category:tool,tabindex:-1)
2023-03-04 20:48:46,503 [INFO] PluginManage:307 - Check plugin cadmodel
2023-03-04 20:48:46,514 [INFO] CADModel:104 - Init CAD model plugin
2023-03-04 20:48:46,514 [INFO] PluginManage:356 - Loaded plugin cadmodel (category:power,tabindex:5)
2023-03-04 20:48:46,514 [INFO] PluginManage:307 - Check plugin clock
2023-03-04 20:48:46,533 [INFO] PluginManage:356 - Loaded plugin clock (category:base,tabindex:2)
2023-03-04 20:48:46,533 [INFO] PluginManage:307 - Check plugin ddr
2023-03-04 20:48:46,535 [INFO] PluginManage:356 - Loaded plugin ddr (category:tool,tabindex:6)
2023-03-04 20:48:46,535 [INFO] PluginManage:307 - Check plugin filemanager
2023-03-04 20:48:46,681 [INFO] PluginManage:356 - Loaded plugin filemanager (category:base,tabindex:10)
2023-03-04 20:48:46,681 [INFO] PluginManage:307 - Check plugin ipmanager
2023-03-04 20:48:46,690 [INFO] PluginManage:356 - Loaded plugin ipmanager (category:base,tabindex:5)
2023-03-04 20:48:46,691 [INFO] PluginManage:307 - Check plugin lpbam
2023-03-04 20:48:46,705 [INFO] PluginManage:356 - Loaded plugin lpbam (category:base,tabindex:0)
2023-03-04 20:48:46,705 [INFO] PluginManage:307 - Check plugin pinoutandconfiguration
2023-03-04 20:48:46,719 [INFO] PluginManage:356 - Loaded plugin pinoutandconfiguration (category:base,tabindex:1)
2023-03-04 20:48:46,719 [INFO] PluginManage:307 - Check plugin pinoutconfig
2023-03-04 20:48:46,756 [INFO] PluginManage:356 - Loaded plugin pinoutconfig (category:base,tabindex:0)
2023-03-04 20:48:46,757 [INFO] PluginManage:307 - Check plugin power
2023-03-04 20:48:46,773 [INFO] PluginManage:356 - Loaded plugin power (category:power,tabindex:4)
2023-03-04 20:48:46,773 [INFO] PluginManage:307 - Check plugin projectmanager
2023-03-04 20:48:46,789 [INFO] PluginManage:356 - Loaded plugin projectmanager (category:projectmanager,tabindex:3)
2023-03-04 20:48:46,790 [INFO] PluginManage:307 - Check plugin thirdparty
2023-03-04 20:48:46,994 [WARN] IntegrityCheckThread:82 - waiting for thirdparty lock release [integrity check]
2023-03-04 20:48:46,995 [INFO] IntegrityCheckThread:84 - entering critical section [integrity check]
2023-03-04 20:48:46,994 [INFO] PluginManage:356 - Loaded plugin thirdparty (category:base,tabindex:-1)
2023-03-04 20:48:46,995 [INFO] PluginManage:307 - Check plugin tools
2023-03-04 20:48:46,997 [INFO] ThirdPartyUpdaterWithRetryManager:70 - Updater plugin not ready yet. [1/15]
2023-03-04 20:48:47,020 [INFO] PluginManage:356 - Loaded plugin tools (category:base,tabindex:7)
2023-03-04 20:48:47,021 [INFO] PluginManage:307 - Check plugin tutovideos
2023-03-04 20:48:47,233 [INFO] PluginManage:356 - Loaded plugin tutovideos (category:base,tabindex:-1)
2023-03-04 20:48:47,233 [INFO] PluginManage:307 - Check plugin updater
2023-03-04 20:48:47,250 [INFO] PluginManage:356 - Loaded plugin updater (category:base,tabindex:12)
2023-03-04 20:48:47,250 [INFO] PluginManage:280 - PluginManage : Loaded plugins [15]
2023-03-04 20:48:47,493 [INFO] PinOutPanel:1477 - setPackage(No Configuration,No Configuration)
2023-03-04 20:48:47,557 [INFO] CADModel:164 - CPN selected for project level
2023-03-04 20:48:47,557 [INFO] CADModel:113 - Register for checkConnection events
2023-03-04 20:48:47,578 [INFO] IPUIPlugin:79 - create IPUIPlugin
2023-03-04 20:48:47,579 [INFO] PluginManager:219 - loadIPPluginJar : add adc
2023-03-04 20:48:47,606 [INFO] IPUIPlugin:79 - create IPUIPlugin
2023-03-04 20:48:47,606 [INFO] PluginManager:219 - loadIPPluginJar : add aes
2023-03-04 20:48:47,637 [INFO] IPUIPlugin:79 - create IPUIPlugin
2023-03-04 20:48:47,637 [INFO] PluginManager:219 - loadIPPluginJar : add can
2023-03-04 20:48:47,652 [INFO] IPUIPlugin:79 - create IPUIPlugin
2023-03-04 20:48:47,652 [INFO] PluginManager:219 - loadIPPluginJar : add comp
2023-03-04 20:48:47,675 [INFO] IPUIPlugin:79 - create IPUIPlugin
2023-03-04 20:48:47,676 [INFO] PluginManager:219 - loadIPPluginJar : add cryp
2023-03-04 20:48:47,697 [INFO] IPUIPlugin:79 - create IPUIPlugin
2023-03-04 20:48:47,697 [INFO] PluginManager:219 - loadIPPluginJar : add dfsdm
2023-03-04 20:48:47,707 [INFO] IPUIPlugin:79 - create IPUIPlugin
2023-03-04 20:48:47,708 [INFO] PluginManager:219 - loadIPPluginJar : add dma
2023-03-04 20:48:47,738 [INFO] IPUIPlugin:79 - create IPUIPlugin
2023-03-04 20:48:47,739 [INFO] PluginManager:219 - loadIPPluginJar : add dma3
2023-03-04 20:48:47,752 [INFO] IPUIPlugin:79 - create IPUIPlugin
2023-03-04 20:48:47,753 [INFO] PluginManager:219 - loadIPPluginJar : add fatfs
2023-03-04 20:48:47,787 [INFO] IPUIPlugin:79 - create IPUIPlugin
2023-03-04 20:48:47,787 [INFO] PluginManager:219 - loadIPPluginJar : add fmc
2023-03-04 20:48:47,800 [INFO] IPUIPlugin:79 - create IPUIPlugin
2023-03-04 20:48:47,800 [INFO] PluginManager:219 - loadIPPluginJar : add freertos
2023-03-04 20:48:47,814 [INFO] IPUIPlugin:79 - create IPUIPlugin
2023-03-04 20:48:47,815 [INFO] PluginManager:219 - loadIPPluginJar : add genericplugin
2023-03-04 20:48:47,877 [INFO] IPUIPlugin:79 - create IPUIPlugin
2023-03-04 20:48:47,878 [INFO] PluginManager:219 - loadIPPluginJar : add gfxmmu
2023-03-04 20:48:47,967 [INFO] IPUIPlugin:79 - create IPUIPlugin
2023-03-04 20:48:47,968 [INFO] PluginManager:219 - loadIPPluginJar : add gic
2023-03-04 20:48:47,977 [INFO] IPUIPlugin:79 - create IPUIPlugin
2023-03-04 20:48:47,977 [INFO] PluginManager:219 - loadIPPluginJar : add gpio
2023-03-04 20:48:48,039 [INFO] IPUIPlugin:79 - create IPUIPlugin
2023-03-04 20:48:48,040 [INFO] PluginManager:219 - loadIPPluginJar : add gtzc
2023-03-04 20:48:48,064 [INFO] IPUIPlugin:79 - create IPUIPlugin
2023-03-04 20:48:48,064 [INFO] PluginManager:219 - loadIPPluginJar : add hash
2023-03-04 20:48:48,100 [INFO] IPUIPlugin:79 - create IPUIPlugin
2023-03-04 20:48:48,100 [INFO] PluginManager:219 - loadIPPluginJar : add i2c
2023-03-04 20:48:48,129 [INFO] IPUIPlugin:79 - create IPUIPlugin
2023-03-04 20:48:48,129 [INFO] PluginManager:219 - loadIPPluginJar : add i2s
2023-03-04 20:48:48,213 [INFO] IPUIPlugin:79 - create IPUIPlugin
2023-03-04 20:48:48,213 [INFO] PluginManager:219 - loadIPPluginJar : add ipddr
2023-03-04 20:48:48,278 [INFO] IPUIPlugin:79 - create IPUIPlugin
2023-03-04 20:48:48,278 [INFO] PluginManager:219 - loadIPPluginJar : add linkedlist
2023-03-04 20:48:48,303 [INFO] IPUIPlugin:79 - create IPUIPlugin
2023-03-04 20:48:48,303 [INFO] PluginManager:219 - loadIPPluginJar : add lorawan
2023-03-04 20:48:48,328 [INFO] IPUIPlugin:79 - create IPUIPlugin
2023-03-04 20:48:48,329 [INFO] PluginManager:219 - loadIPPluginJar : add ltdc
2023-03-04 20:48:48,339 [INFO] IPUIPlugin:79 - create IPUIPlugin
2023-03-04 20:48:48,340 [INFO] PluginManager:219 - loadIPPluginJar : add mdma
2023-03-04 20:48:48,349 [INFO] IPUIPlugin:79 - create IPUIPlugin
2023-03-04 20:48:48,349 [INFO] PluginManager:219 - loadIPPluginJar : add nvic
2023-03-04 20:48:48,374 [INFO] IPUIPlugin:79 - create IPUIPlugin
2023-03-04 20:48:48,374 [INFO] PluginManager:219 - loadIPPluginJar : add opamp
2023-03-04 20:48:48,417 [INFO] IPUIPlugin:79 - create IPUIPlugin
2023-03-04 20:48:48,418 [INFO] PluginManager:219 - loadIPPluginJar : add openamp
2023-03-04 20:48:48,448 [INFO] IPUIPlugin:79 - create IPUIPlugin
2023-03-04 20:48:48,448 [INFO] PluginManager:219 - loadIPPluginJar : add pdm2pcm
2023-03-04 20:48:48,461 [INFO] IPUIPlugin:79 - create IPUIPlugin
2023-03-04 20:48:48,463 [INFO] PluginManager:219 - loadIPPluginJar : add plateformsettings
2023-03-04 20:48:48,465 [INFO] IPUIPlugin:79 - create IPUIPlugin
2023-03-04 20:48:48,465 [INFO] PluginManager:219 - loadIPPluginJar : add quadspi
2023-03-04 20:48:48,475 [INFO] IPUIPlugin:79 - create IPUIPlugin
2023-03-04 20:48:48,475 [INFO] PluginManager:219 - loadIPPluginJar : add resmgrutility
2023-03-04 20:48:48,513 [INFO] IPUIPlugin:79 - create IPUIPlugin
2023-03-04 20:48:48,514 [INFO] PluginManager:219 - loadIPPluginJar : add sai
2023-03-04 20:48:48,540 [INFO] IPUIPlugin:79 - create IPUIPlugin
2023-03-04 20:48:48,540 [INFO] PluginManager:219 - loadIPPluginJar : add spi
2023-03-04 20:48:48,578 [INFO] IPUIPlugin:79 - create IPUIPlugin
2023-03-04 20:48:48,578 [INFO] PluginManager:219 - loadIPPluginJar : add stm32_wpan
2023-03-04 20:48:48,595 [INFO] IPUIPlugin:79 - create IPUIPlugin
2023-03-04 20:48:48,595 [INFO] PluginManager:219 - loadIPPluginJar : add tim
2023-03-04 20:48:48,636 [INFO] IPUIPlugin:79 - create IPUIPlugin
2023-03-04 20:48:48,636 [INFO] PluginManager:219 - loadIPPluginJar : add touchsensing
2023-03-04 20:48:48,652 [INFO] IPUIPlugin:79 - create IPUIPlugin
2023-03-04 20:48:48,652 [INFO] PluginManager:219 - loadIPPluginJar : add tracer_emb
2023-03-04 20:48:48,655 [INFO] IPUIPlugin:79 - create IPUIPlugin
2023-03-04 20:48:48,655 [INFO] PluginManager:219 - loadIPPluginJar : add ts
2023-03-04 20:48:48,670 [INFO] IPUIPlugin:79 - create IPUIPlugin
2023-03-04 20:48:48,670 [INFO] PluginManager:219 - loadIPPluginJar : add tsc
2023-03-04 20:48:48,685 [INFO] IPUIPlugin:79 - create IPUIPlugin
2023-03-04 20:48:48,685 [INFO] PluginManager:219 - loadIPPluginJar : add ucpd
2023-03-04 20:48:48,726 [INFO] IPUIPlugin:79 - create IPUIPlugin
2023-03-04 20:48:48,726 [INFO] PluginManager:219 - loadIPPluginJar : add usart
2023-03-04 20:48:48,756 [INFO] IPUIPlugin:79 - create IPUIPlugin
2023-03-04 20:48:48,756 [INFO] PluginManager:219 - loadIPPluginJar : add usbx
2023-03-04 20:48:48,893 [INFO] CADModel:164 - CPN selected for project level
2023-03-04 20:48:48,893 [INFO] CADModel:113 - Register for checkConnection events
2023-03-04 20:48:48,894 [FATAL] Updater:308 - Updater called before beeing initialized
2023-03-04 20:48:48,894 [ERROR] CADModel:124 - Updater not yet initialized, retry later 
2023-03-04 20:48:49,029 [INFO] CADModel:164 - CPN selected for project level
2023-03-04 20:48:49,030 [INFO] CADModel:113 - Register for checkConnection events
2023-03-04 20:48:49,030 [FATAL] Updater:308 - Updater called before beeing initialized
2023-03-04 20:48:49,030 [ERROR] CADModel:124 - Updater not yet initialized, retry later 
2023-03-04 20:48:49,033 [FATAL] Updater:308 - Updater called before beeing initialized
2023-03-04 20:48:49,154 [FATAL] Updater:308 - Updater called before beeing initialized
2023-03-04 20:48:49,176 [INFO] DbMcusAds:52 - JSON generation date=Tue Feb 21 16:58:20 EET 2023 (1676991500156)
2023-03-04 20:48:49,176 [FATAL] Updater:308 - Updater called before beeing initialized
2023-03-04 20:48:49,252 [WARN] DetailPanel:344 - Failed to get advertising image, set to default
2023-03-04 20:48:49,392 [FATAL] Updater:308 - Updater called before beeing initialized
2023-03-04 20:48:49,394 [FATAL] Updater:308 - Updater called before beeing initialized
2023-03-04 20:48:49,395 [FATAL] Updater:308 - Updater called before beeing initialized
2023-03-04 20:48:49,395 [WARN] DetailPanel:344 - Failed to get advertising image, set to default
2023-03-04 20:48:49,396 [FATAL] Updater:308 - Updater called before beeing initialized
2023-03-04 20:48:49,459 [ERROR] Updater:1120 - MainUpdater not yet initialized. External WinMGr cannot be set.
2023-03-04 20:48:49,468 [INFO] Updater:1056 - Updater Version found : 6.7.0
2023-03-04 20:48:49,485 [INFO] ApplicationProperties:181 - Using Application install path: C:\ST\STM32CubeIDE_1.11.2\STM32CubeIDE\plugins\com.st.stm32cube.common.mx_6.7.0.202301130839
2023-03-04 20:48:49,715 [INFO] MainUpdater:2800 - connection check result : 10
2023-03-04 20:48:49,716 [INFO] MainUpdater:282 - Updater Check For Update Now.
2023-03-04 20:48:49,716 [INFO] MicroXplorer:481 - Change Database Version : DB.6.0.70
2023-03-04 20:48:49,944 [INFO] CheckServerUpdateThread:119 - End of CheckServer Thread
2023-03-04 20:48:49,964 [INFO] MainUpdater:2800 - connection check result : 10
2023-03-04 20:48:50,207 [WARN] PackLoader:242 - Cannot read IP mode file for STMicroelectronics.X-CUBE-GNSS1.6.0.0
2023-03-04 20:48:50,279 [WARN] PackLoader:242 - Cannot read IP mode file for STMicroelectronics.X-CUBE-AZRTOS-F4.1.1.0
2023-03-04 20:48:50,307 [WARN] PackLoader:242 - Cannot read IP mode file for STMicroelectronics.X-CUBE-BLEMGR.1.2.0
2023-03-04 20:48:50,365 [WARN] PackLoader:242 - Cannot read IP mode file for STMicroelectronics.X-CUBE-AZRTOS-F7.1.1.0
2023-03-04 20:48:50,403 [WARN] PackLoader:242 - Cannot read IP mode file for STMicroelectronics.X-CUBE-BLE1.6.2.3
2023-03-04 20:48:50,423 [WARN] PackLoader:242 - Cannot read IP mode file for STMicroelectronics.X-CUBE-BLE1.6.2.4
2023-03-04 20:48:50,470 [WARN] PackLoader:242 - Cannot read IP mode file for emotas.I-CUBE-CANOPEN.1.1.3
2023-03-04 20:48:50,502 [WARN] PackLoader:242 - Cannot read IP mode file for STMicroelectronics.X-CUBE-NFC4.2.0.5
2023-03-04 20:48:50,562 [WARN] PackLoader:242 - Cannot read IP mode file for STMicroelectronics.X-CUBE-DISPLAY.3.0.0
2023-03-04 20:48:50,597 [WARN] PackLoader:242 - Cannot read IP mode file for wolfSSL.I-CUBE-wolfSSL.5.5.3
2023-03-04 20:48:50,615 [WARN] PackLoader:242 - Cannot read IP mode file for STMicroelectronics.X-CUBE-NFC7.1.0.0
2023-03-04 20:48:50,741 [WARN] PackLoader:242 - Cannot read IP mode file for STMicroelectronics.X-CUBE-MEMS1.9.3.0
2023-03-04 20:48:50,880 [INFO] ApiDb:580 - Connected to CubeFinder SQLite database (C:\Users\user\.stmcufinder\plugins\mcufinder\mcu\cube-finder-db.db)
2023-03-04 20:48:50,975 [WARN] PackLoader:242 - Cannot read IP mode file for STMicroelectronics.X-CUBE-EEPRMA1.4.1.0
2023-03-04 20:48:50,978 [INFO] ApiDb:667 - CubeFinder database Data Model version=2.1
2023-03-04 20:48:50,978 [INFO] ApiDb:668 - CubeFinder database Configuration version=3.0.35
2023-03-04 20:48:50,978 [INFO] ApiDb:669 - CubeFinder database generation date=2023-02-02 (1675320190)
2023-03-04 20:48:50,979 [INFO] ApiDb:670 - CubeFinder database FW Pack versions=[FP-ATR-ASTRA1_V1.1.1, STM32Cube_FW_C0_V1.0.1, STM32Cube_FW_F4_V1.27.1, STM32Cube_FW_F7_V1.17.0, STM32Cube_FW_G0_V1.6.1, STM32Cube_FW_G4_V1.5.0, STM32Cube_FW_H5_V0.5.1, STM32Cube_FW_H7_V1.11.0, STM32Cube_FW_L5_V1.5.0, STM32Cube_FW_U5_V1.1.1, STM32Cube_FW_WBA_V0.2.0, STM32Cube_FW_WB_V1.15.0, STM32Cube_FW_WB_V1.15.0RC1, STM32Cube_FW_WL_V1.3.0, X-CUBE-ALGOBUILD_V1.3.0, X-CUBE-ALS_V1.0.1, X-CUBE-AZRTOS-F4_V1.1.0, X-CUBE-AZRTOS-F7_V1.1.0, X-CUBE-AZRTOS-G0_V1.1.0, X-CUBE-AZRTOS-G4_V1.0.0, X-CUBE-AZRTOS-H7_V3.0.0, X-CUBE-AZRTOS-L4_V1.0.0, X-CUBE-AZRTOS-L5_V1.1.0, X-CUBE-AZRTOS-WB_V1.1.0, X-CUBE-AZRTOS-WL_V1.0.0, X-CUBE-BLE1_V6.2.4, X-CUBE-BLE2_V3.3.0, X-CUBE-BLEMGR_V1.3.0, X-CUBE-EEPRMA1_V4.1.0, X-CUBE-GNSS1_V6.0.0, X-CUBE-MEMS1_V9.1.0, X-CUBE-MEMS1_V9.3.0, X-CUBE-MEMS1_V9.4.0, X-CUBE-NFC4_V3.0.0, X-CUBE-NFC7_V1.0.0, X-CUBE-SFXS2LP1_V4.0.0, X-CUBE-SUBG2_V5.0.0]
2023-03-04 20:48:50,997 [WARN] PackLoader:242 - Cannot read IP mode file for STMicroelectronics.X-CUBE-SFXS2LP1.4.0.0
2023-03-04 20:48:51,014 [WARN] PackLoader:242 - Cannot read IP mode file for STMicroelectronics.X-CUBE-BLE2.3.3.0
2023-03-04 20:48:51,029 [WARN] PackLoader:242 - Cannot read IP mode file for STMicroelectronics.X-CUBE-DISPLAY.2.2.0
2023-03-04 20:48:51,052 [WARN] PackLoader:242 - Cannot read IP mode file for STMicroelectronics.X-CUBE-TOF1.3.2.0
2023-03-04 20:48:51,097 [WARN] PackLoader:242 - Cannot read IP mode file for STMicroelectronics.X-CUBE-AZRTOS-H7.3.0.0
2023-03-04 20:48:51,113 [WARN] PackLoader:242 - Cannot read IP mode file for STMicroelectronics.X-CUBE-ISPU.1.1.0
2023-03-04 20:48:51,133 [WARN] PackLoader:242 - Cannot read IP mode file for RoweBots.I-CUBE-UNISONRTOS.5.5.0-4
2023-03-04 20:48:51,167 [WARN] PackLoader:242 - Cannot read IP mode file for STMicroelectronics.X-CUBE-AZRTOS-H7.2.1.0
2023-03-04 20:48:51,182 [WARN] PackLoader:242 - Cannot read IP mode file for STMicroelectronics.X-CUBE-AI.8.0.0
2023-03-04 20:48:51,199 [WARN] PackLoader:242 - Cannot read IP mode file for STMicroelectronics.X-CUBE-TOUCHGFX.4.21.1
2023-03-04 20:48:51,263 [WARN] PackLoader:242 - Cannot read IP mode file for STMicroelectronics.X-CUBE-MEMS1.9.4.0
2023-03-04 20:48:51,428 [WARN] PackLoader:242 - Cannot read IP mode file for STMicroelectronics.X-CUBE-AI.7.3.0
2023-03-04 20:48:51,443 [WARN] PackLoader:242 - Cannot read IP mode file for STMicroelectronics.X-CUBE-ALGOBUILD.1.3.0
2023-03-04 20:48:51,473 [WARN] PackLoader:242 - Cannot read IP mode file for STMicroelectronics.X-CUBE-AZRTOS-L5.1.1.0
2023-03-04 20:48:51,502 [WARN] PackLoader:242 - Cannot read IP mode file for STMicroelectronics.X-CUBE-AZRTOS-G0.1.1.0
2023-03-04 20:48:51,525 [WARN] PackLoader:242 - Cannot read IP mode file for STMicroelectronics.X-CUBE-SUBG2.5.0.0
2023-03-04 20:48:51,543 [WARN] PackLoader:242 - Cannot read IP mode file for STMicroelectronics.X-CUBE-NFC4.3.0.0
2023-03-04 20:48:51,595 [WARN] PackLoader:242 - Cannot read IP mode file for SEGGER.I-CUBE-embOS.1.2.1
2023-03-04 20:48:51,642 [WARN] PackLoader:242 - Cannot read IP mode file for STMicroelectronics.FP-ATR-ASTRA1.1.1.1
2023-03-04 20:48:51,658 [WARN] PackLoader:242 - Cannot read IP mode file for STMicroelectronics.X-CUBE-BLEMGR.1.3.0
2023-03-04 20:48:51,683 [WARN] PackLoader:242 - Cannot read IP mode file for STMicroelectronics.X-CUBE-AZRTOS-G4.1.0.0
2023-03-04 20:48:51,697 [WARN] PackLoader:242 - Cannot read IP mode file for STMicroelectronics.FP-ATR-SIGFOX1.3.2.0
2023-03-04 20:48:51,725 [WARN] PackLoader:242 - Cannot read IP mode file for STMicroelectronics.X-CUBE-AZRTOS-L4.1.0.0
2023-03-04 20:48:51,736 [WARN] PackLoader:242 - Cannot read IP mode file for STMicroelectronics.X-CUBE-TOUCHGFX.4.20.0
2023-03-04 20:48:51,755 [WARN] PackLoader:242 - Cannot read IP mode file for STMicroelectronics.X-CUBE-AZRTOS-WL.1.0.0
2023-03-04 20:48:51,770 [WARN] PackLoader:242 - Cannot read IP mode file for portGmbH.I-Cube-SoM-uGOAL.1.1.0
2023-03-04 20:48:51,782 [WARN] PackLoader:242 - Cannot read IP mode file for STMicroelectronics.X-CUBE-ALS.1.0.1
2023-03-04 20:48:51,846 [WARN] PackLoader:242 - Cannot read IP mode file for STMicroelectronics.X-CUBE-MEMS1.9.5.0
2023-03-04 20:48:52,005 [WARN] PackLoader:242 - Cannot read IP mode file for STMicroelectronics.X-CUBE-AZRTOS-WB.1.1.0
2023-03-04 20:48:52,030 [WARN] PackLoader:242 - Cannot read IP mode file for STMicroelectronics.X-CUBE-AZRTOS-L5.1.0.0
2023-03-04 20:48:52,042 [WARN] PackLoader:242 - Cannot read IP mode file for STMicroelectronics.X-CUBE-EEPRMA1.3.1.1
2023-03-04 20:48:52,043 [INFO] ThirdParty:947 - Integrity check success = true
2023-03-04 20:48:52,044 [INFO] IntegrityCheckThread:98 - exiting critical section [integrity check]
2023-03-04 20:48:52,044 [INFO] IntegrityCheckThread:101 - End integrity checks thread
2023-03-04 20:48:53,191 [INFO] ApiDb:239 - Found 143 in-development CPN: [B-WB1M-WPAN1, B-WL5M-SUBG1, NUCLEO-C031C6, STEVAL-PROTEUS1, STEVAL-STWINBX1, STM320518-EVAL, STM32C0116-DK, STM32C011D6Y3TR, STM32C011D6Y6TR, STM32C011F4P3, STM32C011F4P6, STM32C011F4U3, STM32C011F4U6TR, STM32C011F6P3, STM32C011F6P6, STM32C011F6U3, STM32C011F6U6TR, STM32C011J4M3, STM32C011J4M6, STM32C011J6M3, STM32C011J6M6, STM32C0316-DK, STM32C031C4T3, STM32C031C4T6, STM32C031C4U3, STM32C031C4U6, STM32C031C6T3, STM32C031C6T6, STM32C031C6U3, STM32C031C6U6, STM32C031F4P3, STM32C031F4P6, STM32C031F6P3, STM32C031F6P6, STM32C031G4U3, STM32C031G4U6, STM32C031G6U3, STM32C031G6U6, STM32C031K4T3, STM32C031K4T6, STM32C031K4U3, STM32C031K4U6, STM32C031K6T3, STM32C031K6T6, STM32C031K6U3, STM32C031K6U6, STM32G071K8TXN, STM32G071K8UXN, STM32G081GBU6N, STM32G081KBT6N, STM32G081KBUXN, STM32G0B1CCT6N, STM32G0B1KCT6, STM32G0B1NEY6TR, STM32G0B1RCT6N, STM32G0C1CCT6, STM32G0C1CCT6N, STM32G0C1CCU6N, STM32G0C1CET6N, STM32G0C1CEU6N, STM32G0C1KCT6, STM32G0C1NEY6TR, STM32G0C1RCI6N, STM32G0C1RCT6N, STM32G0C1REI6N, STM32G0C1RET6N, STM32G0C1VCI6, STM32G0C1VEI6, STM32G471CCT6, STM32G471CCU6, STM32G471CET3, STM32G471CET6, STM32G471CEU3, STM32G471CEU6, STM32G471MCT6, STM32G471MET3, STM32G471MET6, STM32G471MEY6TR, STM32G471QCT6, STM32G471QET3, STM32G471RCT6, STM32G471RET3, STM32G471RET6, STM32G471VCH6, STM32G471VCI6, STM32G471VCT6, STM32G471VEH3, STM32G471VEH6, STM32G471VEI3, STM32G471VEI6, STM32G471VET3, STM32G471VET6, STM32G474CCT6, STM32L476VGY6PTR, STM32L4R5QGI6STR, STM32MP131AAE3, STM32MP131AAF3, STM32MP131AAG3, STM32MP131CAE3, STM32MP131CAF3, STM32MP131CAG3, STM32MP131DAE7, STM32MP131DAF7, STM32MP131DAG7, STM32MP131FAE7, STM32MP131FAF7, STM32MP131FAG7, STM32MP133AAE3, STM32MP133AAF3, STM32MP133AAG3, STM32MP133CAE3, STM32MP133CAF3, STM32MP133CAG3, STM32MP133DAE7, STM32MP133DAF7, STM32MP133DAG7, STM32MP133FAE7, STM32MP133FAF7, STM32MP133FAG7, STM32MP135AAE3, STM32MP135AAF3, STM32MP135AAG3, STM32MP135CAE3, STM32MP135CAF3, STM32MP135CAG3, STM32MP135DAE7, STM32MP135DAF7, STM32MP135DAG7, STM32MP135F-DK, STM32MP135FAE7, STM32MP135FAF7, STM32MP135FAF7T, STM32MP135FAF7U, STM32MP135FAG7, STM32U595ZJT6Q, STM32U599BJY6QTR, STM32U599NIH6Q, STM32U599NJH6Q, STM32U5A5ZJT6Q, STM32U5A9BJY6QTR, STM32U5A9NJH6Q, STM32WB1MMCH6, STM32WL5MOCH6TR]
2023-03-04 20:48:53,196 [INFO] DbMcus:215 - Found 3582 MCUs, 3582 are supported
2023-03-04 20:48:53,199 [INFO] ApiDb:422 - Load user favorites file C:\Users\user/.stm32cubeide/favorites.mcus.txt: 0 item(s)
2023-03-04 20:48:53,199 [INFO] ApiDb:426 - User favorites MCUs=[]
2023-03-04 20:48:53,199 [INFO] DbMcus:221 - Set 0 / 0 favorites MCUs
2023-03-04 20:48:53,416 [INFO] McuFinderGlobals:65 - Set McuFinderConnectedMode to true
2023-03-04 20:48:53,423 [INFO] MultiScanPanel:196 - Auto-refresh data requested => check proxy status ongoing
2023-03-04 20:48:53,426 [INFO] FinderPluginLoader:92 - Searching for filters in installed packs
2023-03-04 20:48:54,616 [INFO] LoadUrlFilesThread:179 - End of LoadServerUrlFiles without Thread
2023-03-04 20:48:54,639 [INFO] DetailPanel:339 - Set advertising image to C:/Users/user/STM32Cube/Repository/\en.prom-stm32u5-0223.jpg
2023-03-04 20:48:55,396 [INFO] ApiDb:667 - CubeFinder database Data Model version=2.1
2023-03-04 20:48:55,396 [INFO] ApiDb:668 - CubeFinder database Configuration version=3.0.35
2023-03-04 20:48:55,396 [INFO] ApiDb:669 - CubeFinder database generation date=2023-02-02 (1675320190)
2023-03-04 20:48:55,396 [INFO] ApiDb:670 - CubeFinder database FW Pack versions=[FP-ATR-ASTRA1_V1.1.1, STM32Cube_FW_C0_V1.0.1, STM32Cube_FW_F4_V1.27.1, STM32Cube_FW_F7_V1.17.0, STM32Cube_FW_G0_V1.6.1, STM32Cube_FW_G4_V1.5.0, STM32Cube_FW_H5_V0.5.1, STM32Cube_FW_H7_V1.11.0, STM32Cube_FW_L5_V1.5.0, STM32Cube_FW_U5_V1.1.1, STM32Cube_FW_WBA_V0.2.0, STM32Cube_FW_WB_V1.15.0, STM32Cube_FW_WB_V1.15.0RC1, STM32Cube_FW_WL_V1.3.0, X-CUBE-ALGOBUILD_V1.3.0, X-CUBE-ALS_V1.0.1, X-CUBE-AZRTOS-F4_V1.1.0, X-CUBE-AZRTOS-F7_V1.1.0, X-CUBE-AZRTOS-G0_V1.1.0, X-CUBE-AZRTOS-G4_V1.0.0, X-CUBE-AZRTOS-H7_V3.0.0, X-CUBE-AZRTOS-L4_V1.0.0, X-CUBE-AZRTOS-L5_V1.1.0, X-CUBE-AZRTOS-WB_V1.1.0, X-CUBE-AZRTOS-WL_V1.0.0, X-CUBE-BLE1_V6.2.4, X-CUBE-BLE2_V3.3.0, X-CUBE-BLEMGR_V1.3.0, X-CUBE-EEPRMA1_V4.1.0, X-CUBE-GNSS1_V6.0.0, X-CUBE-MEMS1_V9.1.0, X-CUBE-MEMS1_V9.3.0, X-CUBE-MEMS1_V9.4.0, X-CUBE-NFC4_V3.0.0, X-CUBE-NFC7_V1.0.0, X-CUBE-SFXS2LP1_V4.0.0, X-CUBE-SUBG2_V5.0.0]
2023-03-04 20:48:55,478 [INFO] DbBoardsSqlite:225 - include board P-NUCLEO-WB55-NUCLEO as a kit item of type 'Nucleo-64'
2023-03-04 20:48:55,479 [INFO] DbBoardsSqlite:225 - include board P-NUCLEO-WB55-USBDONGLE as a kit item of type 'Nucleo USB Dongle'
2023-03-04 20:48:55,479 [INFO] DbBoardsSqlite:225 - include board STEVAL-IDP005V1 as a kit item of type 'Evaluation Board'
2023-03-04 20:48:55,479 [INFO] DbBoardsSqlite:225 - include board STEVAL-IDP005V2 as a kit item of type 'Evaluation Board'
2023-03-04 20:48:55,529 [INFO] ApiDb:239 - Found 143 in-development CPN: [B-WB1M-WPAN1, B-WL5M-SUBG1, NUCLEO-C031C6, STEVAL-PROTEUS1, STEVAL-STWINBX1, STM320518-EVAL, STM32C0116-DK, STM32C011D6Y3TR, STM32C011D6Y6TR, STM32C011F4P3, STM32C011F4P6, STM32C011F4U3, STM32C011F4U6TR, STM32C011F6P3, STM32C011F6P6, STM32C011F6U3, STM32C011F6U6TR, STM32C011J4M3, STM32C011J4M6, STM32C011J6M3, STM32C011J6M6, STM32C0316-DK, STM32C031C4T3, STM32C031C4T6, STM32C031C4U3, STM32C031C4U6, STM32C031C6T3, STM32C031C6T6, STM32C031C6U3, STM32C031C6U6, STM32C031F4P3, STM32C031F4P6, STM32C031F6P3, STM32C031F6P6, STM32C031G4U3, STM32C031G4U6, STM32C031G6U3, STM32C031G6U6, STM32C031K4T3, STM32C031K4T6, STM32C031K4U3, STM32C031K4U6, STM32C031K6T3, STM32C031K6T6, STM32C031K6U3, STM32C031K6U6, STM32G071K8TXN, STM32G071K8UXN, STM32G081GBU6N, STM32G081KBT6N, STM32G081KBUXN, STM32G0B1CCT6N, STM32G0B1KCT6, STM32G0B1NEY6TR, STM32G0B1RCT6N, STM32G0C1CCT6, STM32G0C1CCT6N, STM32G0C1CCU6N, STM32G0C1CET6N, STM32G0C1CEU6N, STM32G0C1KCT6, STM32G0C1NEY6TR, STM32G0C1RCI6N, STM32G0C1RCT6N, STM32G0C1REI6N, STM32G0C1RET6N, STM32G0C1VCI6, STM32G0C1VEI6, STM32G471CCT6, STM32G471CCU6, STM32G471CET3, STM32G471CET6, STM32G471CEU3, STM32G471CEU6, STM32G471MCT6, STM32G471MET3, STM32G471MET6, STM32G471MEY6TR, STM32G471QCT6, STM32G471QET3, STM32G471RCT6, STM32G471RET3, STM32G471RET6, STM32G471VCH6, STM32G471VCI6, STM32G471VCT6, STM32G471VEH3, STM32G471VEH6, STM32G471VEI3, STM32G471VEI6, STM32G471VET3, STM32G471VET6, STM32G474CCT6, STM32L476VGY6PTR, STM32L4R5QGI6STR, STM32MP131AAE3, STM32MP131AAF3, STM32MP131AAG3, STM32MP131CAE3, STM32MP131CAF3, STM32MP131CAG3, STM32MP131DAE7, STM32MP131DAF7, STM32MP131DAG7, STM32MP131FAE7, STM32MP131FAF7, STM32MP131FAG7, STM32MP133AAE3, STM32MP133AAF3, STM32MP133AAG3, STM32MP133CAE3, STM32MP133CAF3, STM32MP133CAG3, STM32MP133DAE7, STM32MP133DAF7, STM32MP133DAG7, STM32MP133FAE7, STM32MP133FAF7, STM32MP133FAG7, STM32MP135AAE3, STM32MP135AAF3, STM32MP135AAG3, STM32MP135CAE3, STM32MP135CAF3, STM32MP135CAG3, STM32MP135DAE7, STM32MP135DAF7, STM32MP135DAG7, STM32MP135F-DK, STM32MP135FAE7, STM32MP135FAF7, STM32MP135FAF7T, STM32MP135FAF7U, STM32MP135FAG7, STM32U595ZJT6Q, STM32U599BJY6QTR, STM32U599NIH6Q, STM32U599NJH6Q, STM32U5A5ZJT6Q, STM32U5A9BJY6QTR, STM32U5A9NJH6Q, STM32WB1MMCH6, STM32WL5MOCH6TR]
2023-03-04 20:48:55,692 [INFO] BoardInfo:879 - No configuration file found for board P-NUCLEO-WB55
2023-03-04 20:48:55,693 [INFO] DbBoards:156 - Kit is not supported: P-NUCLEO-WB55
2023-03-04 20:48:55,698 [INFO] BoardInfo:879 - No configuration file found for board STEVAL-BFA001V1B
2023-03-04 20:48:55,698 [INFO] DbBoards:156 - Kit is not supported: STEVAL-BFA001V1B
2023-03-04 20:48:55,699 [INFO] BoardInfo:879 - No configuration file found for board STEVAL-BFA001V2B
2023-03-04 20:48:55,699 [INFO] DbBoards:156 - Kit is not supported: STEVAL-BFA001V2B
2023-03-04 20:48:55,818 [INFO] DbBoards:160 - Found 179 boards, 176 are supported
2023-03-04 20:48:55,824 [INFO] ApiDb:422 - Load user favorites file C:\Users\user/.stm32cubeide/favorites.boards.txt: 0 item(s)
2023-03-04 20:48:55,824 [INFO] ApiDb:426 - User favorites Boards=[]
2023-03-04 20:48:55,824 [INFO] DbBoards:189 - Set 0 / 0 favorites Boards
2023-03-04 20:50:23,248 [INFO] MainUpdater:2800 - connection check result : 10
2023-03-04 20:50:23,248 [INFO] MainUpdater:2800 - connection check result : 10
2023-03-04 20:50:23,286 [INFO] MicroXplorer:451 - Change Database Path : 
2023-03-04 20:50:23,288 [INFO] MicroXplorer:481 - Change Database Version : DB.6.0.70
2023-03-04 20:50:23,289 [WARN] ThirdParty:845 - waiting for thirdparty lock release [close project]
2023-03-04 20:50:23,290 [INFO] ThirdParty:847 - entering critical section [close project]
2023-03-04 20:50:23,290 [INFO] ThirdParty:857 - exiting critical section [close project]
2023-03-04 20:50:23,300 [INFO] PinOutPanel:1477 - setPackage(No Configuration,No Configuration)
2023-03-04 20:50:23,310 [INFO] UtilMem:74 - Begin LoadConfig() Used Memory: 235071152 Bytes (406847488)
2023-03-04 20:50:23,313 [INFO] MicroXplorer:451 - Change Database Path : 
2023-03-04 20:50:23,313 [INFO] MicroXplorer:481 - Change Database Version : DB.6.0.70
2023-03-04 20:50:23,313 [INFO] OpenFileManager:307 - Change cursor
2023-03-04 20:50:23,455 [INFO] Mcu:1925 - Initializing MCU STM32F407VGTx STM32F407VGTx 
2023-03-04 20:50:23,456 [INFO] Mcu:1938 - No CPN specified => set CPN to STM32F407VGT6
2023-03-04 20:50:25,346 [INFO] Context:654 - Trying to add GPIOservice into a context  which must be forbidden
2023-03-04 20:50:26,096 [INFO] ImportTextPane:193 - (OptionalMessage_ERROR) Unable to find key (Mcu.ThirdPartyNb) in loaded IOC file
2023-03-04 20:50:26,097 [INFO] ImportTextPane:193 - (OptionalMessage_ERROR) Unable to find key (Mcu.PinsNb) in loaded IOC file
2023-03-04 20:50:26,097 [INFO] ImportTextPane:193 - (OptionalMessage_ERROR) Unable to find key (Mcu.IPNb) in loaded IOC file
2023-03-04 20:50:26,345 [INFO] RtosManager:489 - Registered RTOS mode: class=CMSIS, group=RTOS, mode=CMSIS_V1, owner=FREERTOS
2023-03-04 20:50:26,346 [INFO] RtosManager:489 - Registered RTOS mode: class=CMSIS, group=RTOS2, mode=CMSIS_V2, owner=FREERTOS
2023-03-04 20:50:26,346 [INFO] RtosManager:489 - Registered RTOS mode: class=RTOS, group=Core, mode=CMSIS_V1, owner=FREERTOS
2023-03-04 20:50:26,346 [INFO] RtosManager:489 - Registered RTOS mode: class=RTOS, group=Core, mode=CMSIS_V2, owner=FREERTOS
2023-03-04 20:50:26,347 [WARN] ModelIntegratedComponent:185 - Missing modes for component STMicroelectronics:FreeRTOS:0.0.1:STMicroelectronics:RTOS:FreeRTOS:Core:::10.2.0:
2023-03-04 20:50:26,368 [WARN] ModelIntegratedComponent:64 - No mode defined for component null
2023-03-04 20:50:26,368 [WARN] ModelIntegratedComponent:64 - No mode defined for component null
2023-03-04 20:50:26,368 [WARN] ModelIntegratedComponent:64 - No mode defined for component null
2023-03-04 20:50:26,368 [WARN] ModelIntegratedComponent:64 - No mode defined for component null
2023-03-04 20:50:26,368 [WARN] ModelIntegratedComponent:64 - No mode defined for component null
2023-03-04 20:50:26,368 [WARN] ModelIntegratedComponent:64 - No mode defined for component null
2023-03-04 20:50:26,368 [WARN] ModelIntegratedComponent:64 - No mode defined for component null
2023-03-04 20:50:26,368 [WARN] ModelIntegratedComponent:64 - No mode defined for component null
2023-03-04 20:50:26,368 [WARN] ModelIntegratedComponent:64 - No mode defined for component null
2023-03-04 20:50:26,369 [WARN] ModelIntegratedComponent:64 - No mode defined for component null
2023-03-04 20:50:26,369 [WARN] ModelIntegratedComponent:64 - No mode defined for component null
2023-03-04 20:50:26,369 [WARN] ModelIntegratedComponent:64 - No mode defined for component null
2023-03-04 20:50:26,369 [WARN] ModelIntegratedComponent:64 - No mode defined for component null
2023-03-04 20:50:26,369 [WARN] ModelIntegratedComponent:64 - No mode defined for component null
2023-03-04 20:50:26,369 [WARN] ModelIntegratedComponent:64 - No mode defined for component null
2023-03-04 20:50:26,369 [WARN] ModelIntegratedComponent:64 - No mode defined for component null
2023-03-04 20:50:26,369 [WARN] ModelIntegratedComponent:64 - No mode defined for component null
2023-03-04 20:50:26,369 [WARN] ModelIntegratedComponent:64 - No mode defined for component null
2023-03-04 20:50:26,369 [WARN] ModelIntegratedComponent:64 - No mode defined for component null
2023-03-04 20:50:26,369 [WARN] ModelIntegratedComponent:64 - No mode defined for component null
2023-03-04 20:50:26,369 [WARN] ModelIntegratedComponent:64 - No mode defined for component null
2023-03-04 20:50:26,369 [WARN] ModelIntegratedComponent:64 - No mode defined for component null
2023-03-04 20:50:26,369 [WARN] ModelIntegratedComponent:64 - No mode defined for component null
2023-03-04 20:50:26,369 [WARN] ModelIntegratedComponent:64 - No mode defined for component null
2023-03-04 20:50:26,370 [WARN] ModelIntegratedComponent:64 - No mode defined for component null
2023-03-04 20:50:26,370 [WARN] ModelIntegratedComponent:64 - No mode defined for component null
2023-03-04 20:50:26,370 [WARN] ModelIntegratedComponent:64 - No mode defined for component null
2023-03-04 20:50:26,370 [WARN] ModelIntegratedComponent:64 - No mode defined for component null
2023-03-04 20:50:26,370 [WARN] ModelIntegratedComponent:64 - No mode defined for component null
2023-03-04 20:50:26,370 [WARN] ModelIntegratedComponent:64 - No mode defined for component null
2023-03-04 20:50:26,370 [WARN] ModelIntegratedComponent:64 - No mode defined for component null
2023-03-04 20:50:26,370 [WARN] ModelIntegratedComponent:64 - No mode defined for component null
2023-03-04 20:50:26,370 [WARN] ModelIntegratedComponent:64 - No mode defined for component null
2023-03-04 20:50:26,600 [INFO] ThirdPartyModel:294 - Start build external matchings
2023-03-04 20:50:27,553 [INFO] ThirdPartyModel:310 - End build external matchings
2023-03-04 20:50:27,921 [INFO] UtilMem:74 - End LoadConfig() Used Memory: 241569624 Bytes (406847488)
2023-03-04 20:50:27,955 [WARN] ThirdParty:807 - waiting for thirdparty lock release [change project]
2023-03-04 20:50:27,956 [INFO] ThirdParty:809 - entering critical section [change project]
2023-03-04 20:50:27,956 [INFO] ThirdParty:999 - CMSIS Pack Vendor :STMicroelectronics X-CUBE-ISPU 1.1.0
2023-03-04 20:50:27,956 [INFO] ThirdParty:999 - CMSIS Pack Vendor :RoweBots I-CUBE-UNISONRTOS 5.5.0-4
2023-03-04 20:50:27,956 [INFO] ThirdParty:999 - CMSIS Pack Vendor :STMicroelectronics X-CUBE-GNSS1 6.0.0
2023-03-04 20:50:27,956 [INFO] ThirdParty:999 - CMSIS Pack Vendor :STMicroelectronics X-CUBE-AZRTOS-H7 2.1.0
2023-03-04 20:50:27,956 [INFO] ThirdParty:999 - CMSIS Pack Vendor :STMicroelectronics USB_HOST 2.0.0
2023-03-04 20:50:27,956 [INFO] ThirdParty:999 - CMSIS Pack Vendor :STMicroelectronics X-CUBE-AZRTOS-F4 1.1.0
2023-03-04 20:50:27,956 [INFO] ThirdParty:999 - CMSIS Pack Vendor :STMicroelectronics LIBJPEG 8.0.0
2023-03-04 20:50:27,956 [INFO] ThirdParty:999 - CMSIS Pack Vendor :STMicroelectronics USB_DEVICE 3.0.0
2023-03-04 20:50:27,956 [INFO] ThirdParty:999 - CMSIS Pack Vendor :STMicroelectronics X-CUBE-AI 8.0.0
2023-03-04 20:50:27,957 [INFO] ThirdParty:999 - CMSIS Pack Vendor :STMicroelectronics X-CUBE-TOUCHGFX 4.21.1
2023-03-04 20:50:27,957 [INFO] ThirdParty:999 - CMSIS Pack Vendor :STMicroelectronics X-CUBE-BLEMGR 1.2.0
2023-03-04 20:50:27,957 [INFO] ThirdParty:999 - CMSIS Pack Vendor :STMicroelectronics X-CUBE-AZRTOS-F7 1.1.0
2023-03-04 20:50:27,957 [INFO] ThirdParty:999 - CMSIS Pack Vendor :STMicroelectronics X-CUBE-MEMS1 9.4.0
2023-03-04 20:50:27,957 [INFO] ThirdParty:999 - CMSIS Pack Vendor :STMicroelectronics USB_DEVICE 2.0.0
2023-03-04 20:50:27,957 [INFO] ThirdParty:999 - CMSIS Pack Vendor :STMicroelectronics X-CUBE-AI 7.3.0
2023-03-04 20:50:27,957 [INFO] ThirdParty:999 - CMSIS Pack Vendor :STMicroelectronics X-CUBE-BLE1 6.2.3
2023-03-04 20:50:27,957 [INFO] ThirdParty:999 - CMSIS Pack Vendor :STMicroelectronics X-CUBE-ALGOBUILD 1.3.0
2023-03-04 20:50:27,957 [INFO] ThirdParty:999 - CMSIS Pack Vendor :STMicroelectronics X-CUBE-BLE1 6.2.4
2023-03-04 20:50:27,957 [INFO] ThirdParty:999 - CMSIS Pack Vendor :STMicroelectronics X-CUBE-AZRTOS-L5 1.1.0
2023-03-04 20:50:27,957 [INFO] ThirdParty:999 - CMSIS Pack Vendor :STMicroelectronics FreeRTOS 0.0.1
2023-03-04 20:50:27,957 [INFO] ThirdParty:999 - CMSIS Pack Vendor :emotas I-CUBE-CANOPEN 1.1.3
2023-03-04 20:50:27,957 [INFO] ThirdParty:999 - CMSIS Pack Vendor :STMicroelectronics X-CUBE-AZRTOS-G0 1.1.0
2023-03-04 20:50:27,957 [INFO] ThirdParty:999 - CMSIS Pack Vendor :STMicroelectronics X-CUBE-SUBG2 5.0.0
2023-03-04 20:50:27,957 [INFO] ThirdParty:999 - CMSIS Pack Vendor :STMicroelectronics X-CUBE-NFC4 3.0.0
2023-03-04 20:50:27,957 [INFO] ThirdParty:999 - CMSIS Pack Vendor :STMicroelectronics STM32_WPAN 1.0.0
2023-03-04 20:50:27,958 [INFO] ThirdParty:999 - CMSIS Pack Vendor :SEGGER I-CUBE-embOS 1.2.1
2023-03-04 20:50:27,958 [INFO] ThirdParty:999 - CMSIS Pack Vendor :STMicroelectronics lwIP 2.0.3
2023-03-04 20:50:27,958 [INFO] ThirdParty:999 - CMSIS Pack Vendor :STMicroelectronics X-CUBE-NFC4 2.0.5
2023-03-04 20:50:27,958 [INFO] ThirdParty:999 - CMSIS Pack Vendor :STMicroelectronics USB_HOST 1.0.0
2023-03-04 20:50:27,958 [INFO] ThirdParty:999 - CMSIS Pack Vendor :STMicroelectronics PDM2PCM 3.1.0
2023-03-04 20:50:27,958 [INFO] ThirdParty:999 - CMSIS Pack Vendor :STMicroelectronics FP-ATR-ASTRA1 1.1.1
2023-03-04 20:50:27,958 [INFO] ThirdParty:999 - CMSIS Pack Vendor :STMicroelectronics PDM2PCM 3.3.0
2023-03-04 20:50:27,958 [INFO] ThirdParty:999 - CMSIS Pack Vendor :STMicroelectronics X-CUBE-DISPLAY 3.0.0
2023-03-04 20:50:27,958 [INFO] ThirdParty:999 - CMSIS Pack Vendor :STMicroelectronics X-CUBE-BLEMGR 1.3.0
2023-03-04 20:50:27,958 [INFO] ThirdParty:999 - CMSIS Pack Vendor :wolfSSL I-CUBE-wolfSSL 5.5.3
2023-03-04 20:50:27,958 [INFO] ThirdParty:999 - CMSIS Pack Vendor :STMicroelectronics X-CUBE-AZRTOS-G4 1.0.0
2023-03-04 20:50:27,958 [INFO] ThirdParty:999 - CMSIS Pack Vendor :STMicroelectronics FP-ATR-SIGFOX1 3.2.0
2023-03-04 20:50:27,958 [INFO] ThirdParty:999 - CMSIS Pack Vendor :STMicroelectronics X-CUBE-AZRTOS-L4 1.0.0
2023-03-04 20:50:27,958 [INFO] ThirdParty:999 - CMSIS Pack Vendor :STMicroelectronics HAL Drivers 0.0.0
2023-03-04 20:50:27,959 [INFO] ThirdParty:999 - CMSIS Pack Vendor :STMicroelectronics MBEDTLS 2.16.2
2023-03-04 20:50:27,959 [INFO] ThirdParty:999 - CMSIS Pack Vendor :STMicroelectronics X-CUBE-TOUCHGFX 4.20.0
2023-03-04 20:50:27,959 [INFO] ThirdParty:999 - CMSIS Pack Vendor :STMicroelectronics MBEDTLS 2.14.1
2023-03-04 20:50:27,959 [INFO] ThirdParty:999 - CMSIS Pack Vendor :STMicroelectronics X-CUBE-NFC7 1.0.0
2023-03-04 20:50:27,959 [INFO] ThirdParty:999 - CMSIS Pack Vendor :STMicroelectronics X-CUBE-AZRTOS-WL 1.0.0
2023-03-04 20:50:27,959 [INFO] ThirdParty:999 - CMSIS Pack Vendor :STMicroelectronics X-CUBE-MEMS1 9.3.0
2023-03-04 20:50:27,959 [INFO] ThirdParty:999 - CMSIS Pack Vendor :STMicroelectronics X-CUBE-EEPRMA1 4.1.0
2023-03-04 20:50:27,959 [INFO] ThirdParty:999 - CMSIS Pack Vendor :portGmbH I-Cube-SoM-uGOAL 1.1.0
2023-03-04 20:50:27,959 [INFO] ThirdParty:999 - CMSIS Pack Vendor :STMicroelectronics X-CUBE-ALS 1.0.1
2023-03-04 20:50:27,959 [INFO] ThirdParty:999 - CMSIS Pack Vendor :STMicroelectronics X-CUBE-MEMS1 9.5.0
2023-03-04 20:50:27,959 [INFO] ThirdParty:999 - CMSIS Pack Vendor :STMicroelectronics ThreadX 1.0.0
2023-03-04 20:50:27,959 [INFO] ThirdParty:999 - CMSIS Pack Vendor :STMicroelectronics X-CUBE-AZRTOS-WB 1.1.0
2023-03-04 20:50:27,959 [INFO] ThirdParty:999 - CMSIS Pack Vendor :STMicroelectronics X-CUBE-AZRTOS-L5 1.0.0
2023-03-04 20:50:27,960 [INFO] ThirdParty:999 - CMSIS Pack Vendor :STMicroelectronics USB_DEVICE 1.0.0
2023-03-04 20:50:27,960 [INFO] ThirdParty:999 - CMSIS Pack Vendor :STMicroelectronics X-CUBE-EEPRMA1 3.1.1
2023-03-04 20:50:27,960 [INFO] ThirdParty:999 - CMSIS Pack Vendor :STMicroelectronics ThreadX 0.0.2
2023-03-04 20:50:27,960 [INFO] ThirdParty:999 - CMSIS Pack Vendor :STMicroelectronics lwIP 2.1.2
2023-03-04 20:50:27,960 [INFO] ThirdParty:999 - CMSIS Pack Vendor :STMicroelectronics X-CUBE-SFXS2LP1 4.0.0
2023-03-04 20:50:27,960 [INFO] ThirdParty:999 - CMSIS Pack Vendor :STMicroelectronics X-CUBE-BLE2 3.3.0
2023-03-04 20:50:27,960 [INFO] ThirdParty:999 - CMSIS Pack Vendor :STMicroelectronics X-CUBE-DISPLAY 2.2.0
2023-03-04 20:50:27,960 [INFO] ThirdParty:999 - CMSIS Pack Vendor :STMicroelectronics X-CUBE-TOF1 3.2.0
2023-03-04 20:50:27,960 [INFO] ThirdParty:999 - CMSIS Pack Vendor :STMicroelectronics PDM2PCM 3.2.0
2023-03-04 20:50:27,960 [INFO] ThirdParty:999 - CMSIS Pack Vendor :STMicroelectronics X-CUBE-AZRTOS-H7 3.0.0
2023-03-04 20:50:27,960 [INFO] ThirdParty:815 - exiting critical section [change project]
2023-03-04 20:50:28,392 [INFO] PinOutPanel:1477 - setPackage(No Configuration,No Configuration)
2023-03-04 20:50:28,394 [INFO] PinOutPanel:1477 - setPackage(STM32F407VGTx,LQFP100)
2023-03-04 20:50:28,945 [INFO] UtilMem:74 - Before build in PCC Used Memory: 339629576 Bytes (406847488)
2023-03-04 20:50:29,597 [INFO] UtilMem:74 - After build in PCC Used Memory: 317464320 Bytes (406847488)
2023-03-04 20:50:29,628 [INFO] IPUIPlugin:79 - create IPUIPlugin
2023-03-04 20:50:29,629 [INFO] IPUIPlugin:79 - create IPUIPlugin
2023-03-04 20:50:29,629 [INFO] IPUIPlugin:79 - create IPUIPlugin
2023-03-04 20:50:29,629 [INFO] IPUIPlugin:79 - create IPUIPlugin
2023-03-04 20:50:29,629 [INFO] IPUIPlugin:79 - create IPUIPlugin
2023-03-04 20:50:29,629 [INFO] IPUIPlugin:79 - create IPUIPlugin
2023-03-04 20:50:29,629 [INFO] IPUIPlugin:79 - create IPUIPlugin
2023-03-04 20:50:29,630 [INFO] IPUIPlugin:79 - create IPUIPlugin
2023-03-04 20:50:29,630 [INFO] IPUIPlugin:79 - create IPUIPlugin
2023-03-04 20:50:29,630 [INFO] IPUIPlugin:79 - create IPUIPlugin
2023-03-04 20:50:29,630 [INFO] IPUIPlugin:79 - create IPUIPlugin
2023-03-04 20:50:29,630 [INFO] IPUIPlugin:79 - create IPUIPlugin
2023-03-04 20:50:29,630 [INFO] IPUIPlugin:79 - create IPUIPlugin
2023-03-04 20:50:29,631 [INFO] IPUIPlugin:79 - create IPUIPlugin
2023-03-04 20:50:29,631 [INFO] IPUIPlugin:79 - create IPUIPlugin
2023-03-04 20:50:29,631 [INFO] IPUIPlugin:79 - create IPUIPlugin
2023-03-04 20:50:29,631 [INFO] IPUIPlugin:79 - create IPUIPlugin
2023-03-04 20:50:29,631 [INFO] IPUIPlugin:79 - create IPUIPlugin
2023-03-04 20:50:29,631 [INFO] IPUIPlugin:79 - create IPUIPlugin
2023-03-04 20:50:29,632 [INFO] IPUIPlugin:79 - create IPUIPlugin
2023-03-04 20:50:29,632 [INFO] IPUIPlugin:79 - create IPUIPlugin
2023-03-04 20:50:29,632 [INFO] IPUIPlugin:79 - create IPUIPlugin
2023-03-04 20:50:29,633 [INFO] IPUIPlugin:79 - create IPUIPlugin
2023-03-04 20:50:29,633 [INFO] IPUIPlugin:79 - create IPUIPlugin
2023-03-04 20:50:29,633 [INFO] IPUIPlugin:79 - create IPUIPlugin
2023-03-04 20:50:29,633 [INFO] IPUIPlugin:79 - create IPUIPlugin
2023-03-04 20:50:29,633 [INFO] IPUIPlugin:79 - create IPUIPlugin
2023-03-04 20:50:29,633 [INFO] IPUIPlugin:79 - create IPUIPlugin
2023-03-04 20:50:29,634 [INFO] IPUIPlugin:79 - create IPUIPlugin
2023-03-04 20:50:29,634 [INFO] IPUIPlugin:79 - create IPUIPlugin
2023-03-04 20:50:29,634 [INFO] IPUIPlugin:79 - create IPUIPlugin
2023-03-04 20:50:29,634 [INFO] IPUIPlugin:79 - create IPUIPlugin
2023-03-04 20:50:29,634 [INFO] IPUIPlugin:79 - create IPUIPlugin
2023-03-04 20:50:29,634 [INFO] IPUIPlugin:79 - create IPUIPlugin
2023-03-04 20:50:29,635 [INFO] IPUIPlugin:79 - create IPUIPlugin
2023-03-04 20:50:29,635 [INFO] IPUIPlugin:79 - create IPUIPlugin
2023-03-04 20:50:29,635 [INFO] IPUIPlugin:79 - create IPUIPlugin
2023-03-04 20:50:29,635 [INFO] IPUIPlugin:79 - create IPUIPlugin
2023-03-04 20:50:29,636 [INFO] IPUIPlugin:79 - create IPUIPlugin
2023-03-04 20:50:29,636 [INFO] IPUIPlugin:79 - create IPUIPlugin
2023-03-04 20:50:29,636 [INFO] IPUIPlugin:79 - create IPUIPlugin
2023-03-04 20:50:29,636 [INFO] IPUIPlugin:79 - create IPUIPlugin
2023-03-04 20:50:29,636 [INFO] IPUIPlugin:79 - create IPUIPlugin
2023-03-04 20:50:29,637 [INFO] IPUIPlugin:79 - create IPUIPlugin
2023-03-04 20:50:29,637 [INFO] IPUIPlugin:79 - create IPUIPlugin
2023-03-04 20:50:29,638 [INFO] IPUIPlugin:79 - create IPUIPlugin
2023-03-04 20:50:29,638 [INFO] IPUIPlugin:79 - create IPUIPlugin
2023-03-04 20:50:29,638 [INFO] IPUIPlugin:79 - create IPUIPlugin
2023-03-04 20:50:29,638 [INFO] IPUIPlugin:79 - create IPUIPlugin
2023-03-04 20:50:29,638 [INFO] IPUIPlugin:79 - create IPUIPlugin
2023-03-04 20:50:29,639 [INFO] IPUIPlugin:79 - create IPUIPlugin
2023-03-04 20:50:29,639 [INFO] IPUIPlugin:79 - create IPUIPlugin
2023-03-04 20:50:29,639 [INFO] IPUIPlugin:79 - create IPUIPlugin
2023-03-04 20:50:29,640 [INFO] IPUIPlugin:79 - create IPUIPlugin
2023-03-04 20:50:29,640 [INFO] IPUIPlugin:79 - create IPUIPlugin
2023-03-04 20:50:29,641 [INFO] IPUIPlugin:79 - create IPUIPlugin
2023-03-04 20:50:29,641 [INFO] IPUIPlugin:79 - create IPUIPlugin
2023-03-04 20:50:29,641 [INFO] IPUIPlugin:79 - create IPUIPlugin
2023-03-04 20:50:29,713 [INFO] ApiDbMcu:505 - Load IP Config File for PDM2PCM
2023-03-04 20:50:29,871 [INFO] CADModel:164 - CPN selected for project levelSTM32F407VGT6
2023-03-04 20:50:29,871 [INFO] CADModel:113 - Register for checkConnection events
2023-03-04 20:50:29,923 [INFO] OpenFileManager:327 - Restore cursor
2023-03-04 20:50:30,670 [INFO] UtilMem:74 - End SaveConfig() Used Memory: 303789920 Bytes (406847488)
2023-03-04 20:50:30,732 [INFO] UtilMem:74 - End SaveConfig() Used Memory: 325287776 Bytes (406847488)
2023-03-04 20:50:31,305 [INFO] BlockDiagram:2759 - set Specific Code input for plugin: RCC
2023-03-04 20:50:31,305 [INFO] BlockDiagram:2759 - set Specific Code input for plugin: NVIC
2023-03-04 20:50:31,307 [INFO] CodeGenerator:692 - code generatio: config db path: C:\ST\STM32CubeIDE_1.11.2\STM32CubeIDE\plugins\com.st.stm32cube.common.mx_6.7.0.202301130839\\db\
2023-03-04 20:50:31,650 [INFO] CodeEngine:247 - oldGeneratedFile, C:\Users\user\Desktop\GL_tasks\workshop_5\UART\MXTmpFiles\license.tmp_save
2023-03-04 20:50:32,244 [INFO] CodeEngine:271 - Generated code: C:\Users\user\Desktop\GL_tasks\workshop_5\UART\MXTmpFiles\license.tmp
2023-03-04 20:50:32,275 [INFO] CodeEngine:247 - oldGeneratedFile, C:\Users\user\Desktop\GL_tasks\workshop_5\UART\Core\Src\stm32f4xx_it.c_save
2023-03-04 20:50:32,522 [INFO] CodeEngine:271 - Generated code: C:\Users\user\Desktop\GL_tasks\workshop_5\UART\Core\Src\stm32f4xx_it.c
2023-03-04 20:50:32,534 [INFO] CodeEngine:247 - oldGeneratedFile, C:\Users\user\Desktop\GL_tasks\workshop_5\UART\Core\Inc\stm32f4xx_it.h_save
2023-03-04 20:50:32,631 [INFO] CodeEngine:271 - Generated code: C:\Users\user\Desktop\GL_tasks\workshop_5\UART\Core\Inc\stm32f4xx_it.h
2023-03-04 20:50:32,812 [INFO] CodeEngine:247 - oldGeneratedFile, C:\Users\user\Desktop\GL_tasks\workshop_5\UART\Core\Src\stm32f4xx_hal_msp.c_save
2023-03-04 20:50:32,955 [INFO] CodeEngine:271 - Generated code: C:\Users\user\Desktop\GL_tasks\workshop_5\UART\Core\Src\stm32f4xx_hal_msp.c
2023-03-04 20:50:32,964 [INFO] CodeEngine:247 - oldGeneratedFile, C:\Users\user\Desktop\GL_tasks\workshop_5\UART\MXTmpFiles\system.tmp_save
2023-03-04 20:50:33,047 [INFO] CodeEngine:271 - Generated code: C:\Users\user\Desktop\GL_tasks\workshop_5\UART\MXTmpFiles\system.tmp
2023-03-04 20:50:33,067 [INFO] CodeEngine:303 - oldGeneratedFile, C:\Users\user\Desktop\GL_tasks\workshop_5\UART\Core\Inc\stm32f4xx_hal_conf.h_save
2023-03-04 20:50:33,185 [INFO] CodeEngine:327 - Generated code: C:\Users\user\Desktop\GL_tasks\workshop_5\UART\Core\Inc\stm32f4xx_hal_conf.h
2023-03-04 20:50:33,250 [INFO] CodeEngine:247 - oldGeneratedFile, C:\Users\user\Desktop\GL_tasks\workshop_5\UART\Core\Inc\main.h_save
2023-03-04 20:50:33,392 [INFO] CodeEngine:271 - Generated code: C:\Users\user\Desktop\GL_tasks\workshop_5\UART\Core\Inc\main.h
2023-03-04 20:50:33,402 [INFO] CodeEngine:247 - oldGeneratedFile, C:\Users\user\Desktop\GL_tasks\workshop_5\UART\Core\Src\main.c_save
2023-03-04 20:50:33,590 [INFO] CodeEngine:271 - Generated code: C:\Users\user\Desktop\GL_tasks\workshop_5\UART\Core\Src\main.c
2023-03-04 20:50:34,640 [INFO] ProjectBuilder:2919 - Time for Copy HAL[1] : 288mS.
2023-03-04 20:50:34,651 [INFO] ProjectBuilder:4183 - Project Generator version: 3.18.0-B7
2023-03-04 20:50:35,377 [INFO] ConfigFileManager:1396 - The Die is : DIE413
2023-03-04 20:50:35,406 [INFO] ApiDbMcu:505 - Load IP Config File for FATFS
2023-03-04 20:50:35,433 [INFO] ApiDbMcu:505 - Load IP Config File for FREERTOS
2023-03-04 20:50:35,446 [INFO] ApiDbMcu:505 - Load IP Config File for LIBJPEG
2023-03-04 20:50:35,463 [INFO] ApiDbMcu:505 - Load IP Config File for LWIP
2023-03-04 20:50:35,475 [INFO] ApiDbMcu:505 - Load IP Config File for MBEDTLS
2023-03-04 20:50:35,492 [INFO] ApiDbMcu:505 - Load IP Config File for USB_DEVICE
2023-03-04 20:50:35,502 [INFO] ApiDbMcu:505 - Load IP Config File for USB_HOST
2023-03-04 20:50:39,869 [INFO] ProjectBuilder:4351 - Time for Generating toolchain IDE Files: 5218mS.
2023-03-04 20:50:39,870 [INFO] ProjectBuilder:2790 - Time for Copy CMSIS : 1mS.
2023-03-04 20:50:39,871 [INFO] ProjectBuilder:2790 - Time for Copy CMSIS : 0mS.
2023-03-04 20:50:40,831 [INFO] McuFinderGlobals:65 - Set McuFinderConnectedMode to true
2023-03-04 20:50:40,833 [INFO] ApiDb:447 - Save user favorites file C:\Users\user/.stm32cubeide/favorites.mcus.txt: 0 item(s)
2023-03-04 20:50:40,834 [INFO] ApiDb:451 - User favorites MCUs=[]
2023-03-04 20:50:41,010 [ERROR] ConfigurationRetriever:140 - IOException on connection: citools.st.com
2023-03-04 20:50:41,012 [ERROR] ConfigurationRetriever:140 - IOException on connection: citools.st.com
2023-03-04 20:50:41,012 [ERROR] ConfigurationRetriever:140 - IOException on connection: citools.st.com
2023-03-04 22:57:40,151 [ERROR] ConfigurationRetriever:140 - IOException on connection: citools.st.com
2023-03-04 22:57:40,152 [ERROR] ConfigurationRetriever:140 - IOException on connection: citools.st.com
2023-03-04 22:57:40,153 [ERROR] ConfigurationRetriever:140 - IOException on connection: citools.st.com
2023-03-04 22:57:40,546 [INFO] JxBrowserEngine:114 - Initiate JxBrowser Engine with user profile folder
2023-03-04 22:57:42,746 [INFO] WebAppUi:459 - Close the Jxbrowser engine manually
2023-03-04 22:57:42,775 [INFO] WebAppUi:462 - Profiles folder deleted
2023-03-04 22:57:43,124 [ERROR] LogOutputStream:74 - [STDERR_REDIRECT] 
2023-03-06 11:12:56,617 [INFO] Activator:179 - 


2023-03-06 11:12:56,619 [INFO] Activator:180 - !SESSION log4j initialized
